2023-03-04T20:18:46.097Z [consultamed-api] error POST  - Nome, data de nascimento, telefone e  email são obrigatorios
2023-03-04T20:26:41.967Z [consultamed-api] error POST  - notNull Violation: paciente.id cannot be null,
notNull Violation: paciente.nome cannot be null
2023-03-04T20:28:58.943Z [consultamed-api] error POST  - Nome, data de nascimento, telefone e  email são obrigatorios
2023-03-04T20:29:35.537Z [consultamed-api] error POST  - Nome é obrigatorio
2023-03-04T20:29:47.695Z [consultamed-api] error POST  - notNull Violation: paciente.id cannot be null,
notNull Violation: paciente.nome cannot be null
2023-03-04T20:31:40.871Z [consultamed-api] error POST  - notNull Violation: paciente.id cannot be null
2023-03-04T20:37:18.640Z [consultamed-api] error POST  - Table 'agendamento_development.pacientes' doesn't exist
2023-03-04T20:40:18.611Z [consultamed-api] error POST  - Table 'agendamento_development.pacientes' doesn't exist
2023-03-04T20:41:44.673Z [consultamed-api] error POST  - Field 'nome' doesn't have a default value
2023-03-04T20:42:01.070Z [consultamed-api] error POST  - Nome é obrigatorio
2023-03-04T20:42:22.201Z [consultamed-api] error POST  - loggers is not defined
2023-03-04T20:48:18.949Z [consultamed-api] info POST /paciente - {"id":2,"nome":"Felipe Mendes","dataNascimento":"1999-04-05T03:00:00.000Z","telefone":"96981137799","email":"felipe_mendess@icloud.com"}
2023-03-04T21:00:56.289Z [consultamed-api] error POST  - Nome é obrigatorio
2023-03-04T21:01:06.467Z [consultamed-api] error POST  - Nome é obrigatorio
2023-03-04T21:03:24.124Z [consultamed-api] error POST  - Campo obrigatorio
2023-03-04T21:04:25.698Z [consultamed-api] error POST  - Campo obrigatorio Ivair Magalhaes  96981297493 ivairmagalhaes@icloud.com
2023-03-04T21:04:51.648Z [consultamed-api] error POST  - Campo obrigatorio
2023-03-04T21:10:29.118Z [consultamed-api] info GET /pacientes
2023-03-04T21:16:40.751Z [consultamed-api] info GET /paciente
2023-03-04T21:16:46.205Z [consultamed-api] info GET /paciente
2023-03-04T21:19:11.960Z [consultamed-api] error POST  - Incorrect date value: 'Invalid date' for column 'data_nascimento' at row 1
2023-03-04T21:19:28.758Z [consultamed-api] error POST  - Incorrect date value: 'Invalid date' for column 'data_nascimento' at row 1
2023-03-04T21:20:03.469Z [consultamed-api] error POST  - Campo obrigatorio
2023-03-04T21:20:40.356Z [consultamed-api] error POST  - Incorrect date value: 'Invalid date' for column 'data_nascimento' at row 1
2023-03-04T21:20:48.566Z [consultamed-api] error POST  - Campo obrigatorio
2023-03-04T21:21:25.501Z [consultamed-api] error POST  - Campo obrigatorio
2023-03-04T21:21:39.421Z [consultamed-api] error POST  - Field 'data_nascimento' doesn't have a default value
2023-03-04T21:21:52.803Z [consultamed-api] error POST  - Incorrect date value: 'Invalid date' for column 'data_nascimento' at row 1
2023-03-04T21:22:28.259Z [consultamed-api] error POST  - Incorrect date value: 'Invalid date' for column 'data_nascimento' at row 1
2023-03-04T21:22:56.541Z [consultamed-api] info POST /paciente - {"id":3,"nome":"Ivair Magalhaes","dataNascimento":"1953-05-28T03:00:00.000Z","telefone":"96981297493","email":"ivairmagalhaes@icloud.com"}
2023-03-04T21:23:09.958Z [consultamed-api] info GET /pacientes
2023-03-04T21:24:36.471Z [consultamed-api] info GET /paciente
2023-03-04T21:24:56.754Z [consultamed-api] info POST /paciente - {"id":4,"nome":"Aleatorio","dataNascimento":"2000-01-01T02:00:00.000Z","telefone":"96981297493","email":"ivairmagalhaes@icloud.com"}
2023-03-04T21:25:04.688Z [consultamed-api] info GET /paciente
2023-03-04T21:25:12.636Z [consultamed-api] info GET /paciente
2023-03-04T21:25:18.021Z [consultamed-api] info GET /pacientes
2023-03-04T21:25:34.233Z [consultamed-api] info DELETE /paciente
2023-03-04T21:25:36.863Z [consultamed-api] info GET /pacientes
2023-03-04T21:32:50.137Z [consultamed-api] info GET /pacientes
2023-03-04T21:33:07.558Z [consultamed-api] error PUT  - pacienteRespository is not a function
2023-03-04T21:35:18.627Z [consultamed-api] info GET /pacientes
2023-03-04T21:38:06.439Z [consultamed-api] info POST /paciente - {"id":5,"nome":"Antonia Mendes","dataNascimento":"1968-08-09T03:00:00.000Z","telefone":"96981297493","email":"antoniapedrosomendes@gmail.com"}
2023-03-04T21:38:11.738Z [consultamed-api] info GET /pacientes
2023-03-04T21:38:29.568Z [consultamed-api] info GET /paciente
2023-03-04T21:38:33.450Z [consultamed-api] info GET /paciente
2023-03-04T21:39:28.378Z [consultamed-api] error PUT  - pacienteRespository is not a function
2023-03-04T21:40:23.470Z [consultamed-api] info PUT /paciente - {"id":3,"nome":"Ivair Magalhaes da Costa","dataNascimento":"1953-05-28","telefone":"96981297493","email":"ivairmagalhaes@icloud.com"}
2023-03-04T21:40:28.432Z [consultamed-api] info GET /pacientes
2023-03-04T21:40:59.739Z [consultamed-api] info PUT /paciente - {"id":1,"nome":"Matheus Mendes da Costa","dataNascimento":"1996-12-11","telefone":"96984234927","email":"matheusmendescosta@icloud.com"}
2023-03-04T21:41:03.148Z [consultamed-api] info GET /pacientes
2023-03-05T02:08:34.792Z [consultamed-api] info GET /pacientes
2023-03-05T02:09:16.041Z [consultamed-api] info GET /pacientes
2023-03-05T02:11:55.642Z [consultamed-api] info GET /paciente
2023-03-05T02:11:59.663Z [consultamed-api] info GET /paciente
2023-03-05T03:33:48.572Z [consultamed-api] info GET /paciente
2023-03-05T03:33:51.643Z [consultamed-api] info GET /pacientes
